2026-04-06 14:41:19 - INFO - Procesando tarea [0] del reporte de carga de tiempos...
2026-04-06 14:41:19 - INFO - Se omitió el envío de WhatsApp porque los gráficos filtrados estaban vacios y no hay archivos.
2026-04-06 14:42:59 - INFO - Procesando tarea [0] del reporte de carga de tiempos...
2026-04-06 14:42:59 - INFO - Se omitió el envío de WhatsApp porque los gráficos filtrados estaban vacios y no hay archivos.
2026-04-06 14:43:29 - INFO - Procesando tarea [0] del reporte de carga de tiempos...
2026-04-06 14:43:29 - INFO - Se omitió el envío de WhatsApp porque los gráficos filtrados estaban vacios y no hay archivos.
2026-04-06 14:43:44 - INFO - Procesando tarea [0] del reporte de carga de tiempos...
2026-04-06 14:43:44 - INFO - Se omitió el envío de WhatsApp porque los gráficos filtrados estaban vacios y no hay archivos.
2026-04-06 14:44:51 - INFO - Procesando tarea [0] del reporte de carga de tiempos...
2026-04-06 14:44:51 - INFO - Generando graficos para: c:\Users\JHONATAN\Desktop\archivos\Panasantia\integracion de datos\script Python\Notificaciones\temp\CARPETA_LOGS_TAREAS\LOGS_TAREAS_QVD_DWH_ORIGINAL.csv
2026-04-06 14:45:23 - INFO - WhatsApp enviado exitosamente a 'Prueba'.
2026-04-06 14:45:46 - INFO - Procesando tarea [0] del reporte de carga de tiempos...
2026-04-06 14:45:46 - INFO - Generando graficos para: c:\Users\JHONATAN\Desktop\archivos\Panasantia\integracion de datos\script Python\Notificaciones\temp\CARPETA_LOGS_TAREAS\LOGS_TAREAS_QVD_DWH_ORIGINAL.csv
2026-04-06 14:46:47 - INFO - WhatsApp enviado exitosamente a 'Prueba'.
2026-04-06 14:49:07 - INFO - Procesando tarea [0] del reporte de carga de tiempos...
2026-04-06 14:49:07 - INFO - Generando graficos para: c:\Users\JHONATAN\Desktop\archivos\Panasantia\integracion de datos\script Python\Notificaciones\temp\CARPETA_LOGS_TAREAS\LOGS_TAREAS_QVD_DWH_ORIGINAL.csv
2026-04-06 14:50:26 - INFO - WhatsApp enviado exitosamente a 'Prueba'.
2026-04-06 16:02:48 - INFO - Procesando tarea [0] del reporte de carga de tiempos...
2026-04-06 16:02:48 - INFO - Generando graficos para: C:\Users\JHONATAN\Desktop\archivos\Panasantia\integracion de datos\script Python\Notificaciones\LOGS_TAREAS_QVD_DWH_ORIGINAL.csv
2026-04-06 16:03:37 - ERROR - No se pudo enviar el mensaje de WhatsApp a 'Prueba'.
2026-04-06 16:04:16 - INFO - Procesando tarea [0] del reporte de carga de tiempos...
2026-04-06 16:04:16 - INFO - Generando graficos para: C:\Users\JHONATAN\Desktop\archivos\Panasantia\integracion de datos\script Python\Notificaciones\LOGS_TAREAS_QVD_DWH_ORIGINAL.csv
2026-04-06 16:05:29 - INFO - WhatsApp enviado exitosamente a 'Prueba'.
2026-04-06 16:57:58 - INFO - Procesando tarea [0] del reporte de carga de tiempos...
2026-04-06 16:57:58 - INFO - Generando graficos para: C:\Users\JHONATAN\Desktop\archivos\Panasantia\integracion de datos\script Python\Notificaciones\LOGS_TAREAS_QVD_DWH_ORIGINAL.csv
2026-04-06 16:59:49 - INFO - WhatsApp enviado exitosamente a 'Prueba'.
