2026-04-16 14:23:39 - INFO - Iniciando ReporteDeTiempoDeCarga — 1 tarea(s) encontradas.
2026-04-16 14:23:39 - INFO - [Tarea 0] Iniciando procesamiento...
2026-04-16 14:23:39 - WARNING - [Tarea 0] ruta_archivo no existe: C:\Users\JHONATAN\Desktop\archivos\Panasantia\integracion de datos\script Python\notify-hub\Storage\LOGS_TAREAS_QVD_DWH_ORIGINAL.csv
2026-04-16 14:23:39 - WARNING - [Tarea 0] grafico_path no existe: C:\Users\JHONATAN\Desktop\archivos\Panasantia\integracion de datos\script Python\notify-hub\Storage\LOGS_TAREAS_QVD_DWH_ORIGINAL.csv
2026-04-16 14:23:39 - INFO - [Tarea 0] Sin archivos para WhatsApp — se omite envío.
2026-04-16 14:23:39 - ERROR - [Tarea 0] Fallo al enviar correo a drueda.ext@mamayatech.com;sebastian.toledo@mamayatech.com;jramosl.ext@mamayatech.com;carlos.miranda@mamayatech.com;fjcabrera.ext@mamayatech.com;jhony.echeverria@mamayatech.com;cristian.carpio@mamayatech.com;esdrey.vaca@mamayatech.com.
2026-04-16 14:23:39 - INFO - [Tarea 0] Storage limpiado. Tarea finalizada.
2026-04-16 14:23:39 - INFO - ReporteDeTiempoDeCarga finalizado.
2026-04-16 14:24:10 - INFO - Iniciando ReporteDeTiempoDeCarga — 1 tarea(s) encontradas.
2026-04-16 14:24:10 - INFO - [Tarea 0] Iniciando procesamiento...
2026-04-16 14:24:10 - WARNING - [Tarea 0] ruta_archivo no existe: C:\Users\JHONATAN\Desktop\archivos\Panasantia\integracion de datos\script Python\notify-hub\Storage\LOGS_TAREAS_QVD_DWH_ORIGINAL.csv
2026-04-16 14:24:10 - WARNING - [Tarea 0] grafico_path no existe: C:\Users\JHONATAN\Desktop\archivos\Panasantia\integracion de datos\script Python\notify-hub\Storage\LOGS_TAREAS_QVD_DWH_ORIGINAL.csv
2026-04-16 14:24:10 - INFO - [Tarea 0] Sin archivos para WhatsApp — se omite envío.
2026-04-16 14:24:10 - ERROR - [Tarea 0] Fallo al enviar correo a drueda.ext@mamayatech.com;sebastian.toledo@mamayatech.com;jramosl.ext@mamayatech.com;carlos.miranda@mamayatech.com;fjcabrera.ext@mamayatech.com;jhony.echeverria@mamayatech.com;cristian.carpio@mamayatech.com;esdrey.vaca@mamayatech.com.
2026-04-16 14:24:10 - INFO - [Tarea 0] Storage limpiado. Tarea finalizada.
2026-04-16 14:24:10 - INFO - ReporteDeTiempoDeCarga finalizado.
2026-04-16 14:25:29 - INFO - Iniciando ReporteDeTiempoDeCarga — 1 tarea(s) encontradas.
2026-04-16 14:25:29 - INFO - [Tarea 0] Iniciando procesamiento...
2026-04-16 14:25:29 - WARNING - [Tarea 0] ruta_archivo no existe: ..\..\LOGS_TAREAS_QVD_DWH_ORIGINAL.csv
2026-04-16 14:25:29 - WARNING - [Tarea 0] grafico_path no existe: ..\..\LOGS_TAREAS_QVD_DWH_ORIGINAL.csv
2026-04-16 14:25:29 - INFO - [Tarea 0] Sin archivos para WhatsApp — se omite envío.
2026-04-16 14:25:29 - ERROR - [Tarea 0] Fallo al enviar correo a drueda.ext@mamayatech.com;sebastian.toledo@mamayatech.com;jramosl.ext@mamayatech.com;carlos.miranda@mamayatech.com;fjcabrera.ext@mamayatech.com;jhony.echeverria@mamayatech.com;cristian.carpio@mamayatech.com;esdrey.vaca@mamayatech.com.
2026-04-16 14:25:29 - INFO - [Tarea 0] Storage limpiado. Tarea finalizada.
2026-04-16 14:25:29 - INFO - ReporteDeTiempoDeCarga finalizado.
2026-04-16 14:26:17 - INFO - Iniciando ReporteDeTiempoDeCarga — 1 tarea(s) encontradas.
2026-04-16 14:26:17 - INFO - [Tarea 0] Iniciando procesamiento...
2026-04-16 14:26:17 - INFO - [Tarea 0] Generando gráficos desde: ..\..\..\LOGS_TAREAS_QVD_DWH_ORIGINAL.csv
2026-04-16 14:26:21 - INFO - [Tarea 0] 5 archivo(s) encontrados en Storage.
2026-04-16 14:26:21 - INFO - [Tarea 0] Enviando 3 archivo(s) por WhatsApp a 'Prueba'.
2026-04-16 14:27:36 - INFO - [Tarea 0] WhatsApp enviado exitosamente a 'Prueba'.
2026-04-16 14:27:36 - ERROR - [Tarea 0] Fallo al enviar correo a drueda.ext@mamayatech.com;sebastian.toledo@mamayatech.com;jramosl.ext@mamayatech.com;carlos.miranda@mamayatech.com;fjcabrera.ext@mamayatech.com;jhony.echeverria@mamayatech.com;cristian.carpio@mamayatech.com;esdrey.vaca@mamayatech.com.
2026-04-16 14:27:36 - INFO - [Tarea 0] Storage limpiado. Tarea finalizada.
2026-04-16 14:27:36 - INFO - ReporteDeTiempoDeCarga finalizado.
2026-04-16 14:30:14 - INFO - Iniciando ReporteDeTiempoDeCarga — 1 tarea(s) encontradas.
2026-04-16 14:30:14 - INFO - [Tarea 0] Iniciando procesamiento...
2026-04-16 14:30:14 - INFO - [Tarea 0] Generando imagen con Picture desde: ..\..\..\LOGS_TAREAS_QVD_DWH_ORIGINAL.csv
2026-04-16 14:30:31 - INFO - [Tarea 0] 1 imagen(es) generada(s) en Storage.
2026-04-16 14:30:31 - INFO - [Tarea 0] Enviando 1 archivo(s) por WhatsApp a 'Prueba'.
2026-04-16 14:31:25 - INFO - [Tarea 0] WhatsApp enviado exitosamente a 'Prueba'.
2026-04-16 14:31:25 - ERROR - [Tarea 0] Fallo al enviar correo a drueda.ext@mamayatech.com;sebastian.toledo@mamayatech.com;jramosl.ext@mamayatech.com;carlos.miranda@mamayatech.com;fjcabrera.ext@mamayatech.com;jhony.echeverria@mamayatech.com;cristian.carpio@mamayatech.com;esdrey.vaca@mamayatech.com.
2026-04-16 14:31:25 - INFO - [Tarea 0] Storage limpiado. Tarea finalizada.
2026-04-16 14:31:25 - INFO - ReporteDeTiempoDeCarga finalizado.
2026-04-16 14:34:04 - INFO - Iniciando ReporteDeTiempoDeCarga — 1 tarea(s) encontradas.
2026-04-16 14:34:04 - INFO - [Tarea 0] Iniciando procesamiento...
2026-04-16 14:34:04 - INFO - [Tarea 0] Generando imagen con Picture desde: ..\..\..\LOGS_TAREAS_QVD_DWH_ORIGINAL.csv
2026-04-16 14:34:11 - INFO - [Tarea 0] 1 imagen(es) generada(s) en Storage.
2026-04-16 14:34:11 - INFO - [Tarea 0] Enviando 1 archivo(s) por WhatsApp a 'Prueba'.
2026-04-16 14:35:05 - INFO - ReporteDeTiempoDeCarga finalizado.
2026-04-16 14:38:14 - INFO - Iniciando ReporteDeTiempoDeCarga — 1 tarea(s) encontradas.
2026-04-16 14:38:14 - INFO - [Tarea 0] Iniciando procesamiento...
2026-04-16 14:38:14 - INFO - [Tarea 0] Generando imágenes individuales con Picture desde: ..\..\..\LOGS_TAREAS_QVD_DWH_ORIGINAL.csv
2026-04-16 14:38:35 - INFO - [Tarea 0] 4 imagen(es) generada(s) en Storage.
2026-04-16 14:38:35 - INFO - [Tarea 0] Enviando 4 archivo(s) por WhatsApp a 'Prueba'.
2026-04-16 14:39:19 - INFO - [Tarea 0] WhatsApp enviado exitosamente a 'Prueba'.
2026-04-16 14:39:19 - ERROR - [Tarea 0] Fallo al enviar correo a drueda.ext@mamayatech.com;sebastian.toledo@mamayatech.com;jramosl.ext@mamayatech.com;carlos.miranda@mamayatech.com;fjcabrera.ext@mamayatech.com;jhony.echeverria@mamayatech.com;cristian.carpio@mamayatech.com;esdrey.vaca@mamayatech.com.
2026-04-16 14:39:19 - INFO - [Tarea 0] Storage limpiado. Tarea finalizada.
2026-04-16 14:39:19 - INFO - ReporteDeTiempoDeCarga finalizado.
2026-04-16 15:14:08 - INFO - Iniciando ReporteDeTiempoDeCarga — 1 tarea(s) encontradas.
2026-04-16 15:14:08 - INFO - [Tarea 0] Iniciando procesamiento...
2026-04-16 15:14:08 - INFO - [Tarea 0] Generando imágenes individuales con Picture desde: ..\..\..\LOGS_TAREAS_QVD_DWH_ORIGINAL.csv
2026-04-16 15:14:23 - INFO - [Tarea 0] 3 imagen(es) generada(s) exitosamente.
2026-04-16 15:14:23 - INFO - [Tarea 0] Enviando 3 archivo(s) por WhatsApp a 'Prueba'.
2026-04-16 15:15:05 - INFO - [Tarea 0] WhatsApp enviado exitosamente a 'Prueba'.
2026-04-16 15:15:05 - ERROR - [Tarea 0] Fallo al enviar correo a drueda.ext@mamayatech.com;sebastian.toledo@mamayatech.com;jramosl.ext@mamayatech.com;carlos.miranda@mamayatech.com;fjcabrera.ext@mamayatech.com;jhony.echeverria@mamayatech.com;cristian.carpio@mamayatech.com;esdrey.vaca@mamayatech.com.
2026-04-16 15:15:05 - INFO - [Tarea 0] Storage limpiado. Tarea finalizada.
2026-04-16 15:15:05 - INFO - ReporteDeTiempoDeCarga finalizado.
2026-04-16 15:33:08 - INFO - Iniciando ReporteDeTiempoDeCarga — 1 tarea(s) encontradas.
2026-04-16 15:33:08 - INFO - [Tarea 0] Iniciando procesamiento...
2026-04-16 15:33:08 - INFO - [Tarea 0] Generando imágenes individuales con Picture desde: ..\..\..\LOGS_TAREAS_QVD_DWH_ORIGINAL.csv
2026-04-16 15:33:24 - INFO - [Tarea 0] 3 imagen(es) generada(s) exitosamente.
2026-04-16 15:33:24 - INFO - [Tarea 0] Enviando 3 archivo(s) por WhatsApp a 'Prueba'.
2026-04-16 15:34:20 - INFO - [Tarea 0] WhatsApp enviado exitosamente a 'Prueba'.
2026-04-16 15:34:20 - ERROR - [Tarea 0] Fallo al enviar correo a drueda.ext@mamayatech.com;sebastian.toledo@mamayatech.com;jramosl.ext@mamayatech.com;carlos.miranda@mamayatech.com;fjcabrera.ext@mamayatech.com;jhony.echeverria@mamayatech.com;cristian.carpio@mamayatech.com;esdrey.vaca@mamayatech.com.
2026-04-16 15:34:20 - INFO - [Tarea 0] Storage limpiado. Tarea finalizada.
2026-04-16 15:34:20 - INFO - ReporteDeTiempoDeCarga finalizado.
